2025-06-11T14:29:51.884+05:30  INFO 22516 --- [titanwebapp] [restartedMain] c.P.titanwebapp.TitanwebappApplication   : Starting TitanwebappApplication using Java 21.0.6 with PID 22516 (D:\java\titanwebapp\target\classes started by Dell in D:\java\titanwebapp)
2025-06-11T14:29:51.886+05:30  INFO 22516 --- [titanwebapp] [restartedMain] c.P.titanwebapp.TitanwebappApplication   : No active profile set, falling back to 1 default profile: "default"
2025-06-11T14:29:51.931+05:30  INFO 22516 --- [titanwebapp] [restartedMain] .e.DevToolsPropertyDefaultsPostProcessor : Devtools property defaults active! Set 'spring.devtools.add-properties' to 'false' to disable
2025-06-11T14:29:51.932+05:30  INFO 22516 --- [titanwebapp] [restartedMain] .e.DevToolsPropertyDefaultsPostProcessor : For additional web related logging consider setting the 'logging.level.web' property to 'DEBUG'
2025-06-11T14:29:53.020+05:30  INFO 22516 --- [titanwebapp] [restartedMain] .s.d.r.c.RepositoryConfigurationDelegate : Bootstrapping Spring Data JPA repositories in DEFAULT mode.
2025-06-11T14:29:53.105+05:30  INFO 22516 --- [titanwebapp] [restartedMain] .s.d.r.c.RepositoryConfigurationDelegate : Finished Spring Data repository scanning in 75 ms. Found 1 JPA repository interface.
2025-06-11T14:29:53.949+05:30  INFO 22516 --- [titanwebapp] [restartedMain] o.s.b.w.embedded.tomcat.TomcatWebServer  : Tomcat initialized with port 8080 (http)
2025-06-11T14:29:53.968+05:30  INFO 22516 --- [titanwebapp] [restartedMain] o.apache.catalina.core.StandardService   : Starting service [Tomcat]
2025-06-11T14:29:53.968+05:30  INFO 22516 --- [titanwebapp] [restartedMain] o.apache.catalina.core.StandardEngine    : Starting Servlet engine: [Apache Tomcat/10.1.41]
2025-06-11T14:29:54.027+05:30  INFO 22516 --- [titanwebapp] [restartedMain] o.a.c.c.C.[Tomcat].[localhost].[/]       : Initializing Spring embedded WebApplicationContext
2025-06-11T14:29:54.028+05:30  INFO 22516 --- [titanwebapp] [restartedMain] w.s.c.ServletWebServerApplicationContext : Root WebApplicationContext: initialization completed in 2077 ms
2025-06-11T14:29:54.167+05:30  INFO 22516 --- [titanwebapp] [restartedMain] com.zaxxer.hikari.HikariDataSource       : HikariPool-1 - Starting...
2025-06-11T14:29:54.536+05:30  INFO 22516 --- [titanwebapp] [restartedMain] com.zaxxer.hikari.pool.HikariPool        : HikariPool-1 - Added connection org.postgresql.jdbc.PgConnection@1c2262fa
2025-06-11T14:29:54.538+05:30  INFO 22516 --- [titanwebapp] [restartedMain] com.zaxxer.hikari.HikariDataSource       : HikariPool-1 - Start completed.
2025-06-11T14:29:54.625+05:30  INFO 22516 --- [titanwebapp] [restartedMain] o.hibernate.jpa.internal.util.LogHelper  : HHH000204: Processing PersistenceUnitInfo [name: default]
2025-06-11T14:29:54.670+05:30  INFO 22516 --- [titanwebapp] [restartedMain] org.hibernate.Version                    : HHH000412: Hibernate ORM core version 6.6.15.Final
2025-06-11T14:29:54.713+05:30  INFO 22516 --- [titanwebapp] [restartedMain] o.h.c.internal.RegionFactoryInitiator    : HHH000026: Second-level cache disabled
2025-06-11T14:29:55.130+05:30  INFO 22516 --- [titanwebapp] [restartedMain] o.s.o.j.p.SpringPersistenceUnitInfo      : No LoadTimeWeaver setup: ignoring JPA class transformer
2025-06-11T14:29:55.230+05:30  WARN 22516 --- [titanwebapp] [restartedMain] org.hibernate.orm.deprecation            : HHH90000025: PostgreSQLDialect does not need to be specified explicitly using 'hibernate.dialect' (remove the property setting and it will be selected by default)
2025-06-11T14:29:55.254+05:30  INFO 22516 --- [titanwebapp] [restartedMain] org.hibernate.orm.connections.pooling    : HHH10001005: Database info:
	Database JDBC URL [Connecting through datasource 'HikariDataSource (HikariPool-1)']
	Database driver: undefined/unknown
	Database version: 16.9
	Autocommit mode: undefined/unknown
	Isolation level: undefined/unknown
	Minimum pool size: undefined/unknown
	Maximum pool size: undefined/unknown
2025-06-11T14:29:56.238+05:30  INFO 22516 --- [titanwebapp] [restartedMain] o.h.e.t.j.p.i.JtaPlatformInitiator       : HHH000489: No JTA platform available (set 'hibernate.transaction.jta.platform' to enable JTA platform integration)
2025-06-11T14:29:56.285+05:30  INFO 22516 --- [titanwebapp] [restartedMain] j.LocalContainerEntityManagerFactoryBean : Initialized JPA EntityManagerFactory for persistence unit 'default'
2025-06-11T14:29:56.730+05:30  WARN 22516 --- [titanwebapp] [restartedMain] JpaBaseConfiguration$JpaWebConfiguration : spring.jpa.open-in-view is enabled by default. Therefore, database queries may be performed during view rendering. Explicitly configure spring.jpa.open-in-view to disable this warning
2025-06-11T14:29:57.567+05:30  INFO 22516 --- [titanwebapp] [restartedMain] o.s.b.d.a.OptionalLiveReloadServer       : LiveReload server is running on port 35729
2025-06-11T14:29:57.631+05:30  INFO 22516 --- [titanwebapp] [restartedMain] o.s.b.w.embedded.tomcat.TomcatWebServer  : Tomcat started on port 8080 (http) with context path '/'
2025-06-11T14:29:57.640+05:30  INFO 22516 --- [titanwebapp] [restartedMain] c.P.titanwebapp.TitanwebappApplication   : Started TitanwebappApplication in 6.281 seconds (process running for 7.214)
2025-06-11T14:31:29.584+05:30  INFO 22516 --- [titanwebapp] [File Watcher] rtingClassPathChangeChangedEventListener : Restarting due to 1 class path change (1 addition, 0 deletions, 0 modifications)
2025-06-11T14:31:29.591+05:30  INFO 22516 --- [titanwebapp] [Thread-5] o.s.b.w.e.tomcat.GracefulShutdown        : Commencing graceful shutdown. Waiting for active requests to complete
2025-06-11T14:31:29.602+05:30  INFO 22516 --- [titanwebapp] [tomcat-shutdown] o.s.b.w.e.tomcat.GracefulShutdown        : Graceful shutdown complete
2025-06-11T14:31:29.609+05:30  INFO 22516 --- [titanwebapp] [Thread-5] j.LocalContainerEntityManagerFactoryBean : Closing JPA EntityManagerFactory for persistence unit 'default'
2025-06-11T14:31:29.613+05:30  INFO 22516 --- [titanwebapp] [Thread-5] com.zaxxer.hikari.HikariDataSource       : HikariPool-1 - Shutdown initiated...
2025-06-11T14:31:29.616+05:30  INFO 22516 --- [titanwebapp] [Thread-5] com.zaxxer.hikari.HikariDataSource       : HikariPool-1 - Shutdown completed.
2025-06-11T14:31:29.767+05:30  INFO 22516 --- [titanwebapp] [restartedMain] c.P.titanwebapp.TitanwebappApplication   : Starting TitanwebappApplication using Java 21.0.6 with PID 22516 (D:\java\titanwebapp\target\classes started by Dell in D:\java\titanwebapp)
2025-06-11T14:31:29.768+05:30  INFO 22516 --- [titanwebapp] [restartedMain] c.P.titanwebapp.TitanwebappApplication   : No active profile set, falling back to 1 default profile: "default"
2025-06-11T14:31:29.942+05:30  INFO 22516 --- [titanwebapp] [restartedMain] .s.d.r.c.RepositoryConfigurationDelegate : Bootstrapping Spring Data JPA repositories in DEFAULT mode.
2025-06-11T14:31:29.949+05:30  INFO 22516 --- [titanwebapp] [restartedMain] .s.d.r.c.RepositoryConfigurationDelegate : Finished Spring Data repository scanning in 6 ms. Found 1 JPA repository interface.
2025-06-11T14:31:30.074+05:30  INFO 22516 --- [titanwebapp] [restartedMain] o.s.b.w.embedded.tomcat.TomcatWebServer  : Tomcat initialized with port 8080 (http)
2025-06-11T14:31:30.076+05:30  INFO 22516 --- [titanwebapp] [restartedMain] o.apache.catalina.core.StandardService   : Starting service [Tomcat]
2025-06-11T14:31:30.076+05:30  INFO 22516 --- [titanwebapp] [restartedMain] o.apache.catalina.core.StandardEngine    : Starting Servlet engine: [Apache Tomcat/10.1.41]
2025-06-11T14:31:30.095+05:30  INFO 22516 --- [titanwebapp] [restartedMain] o.a.c.c.C.[Tomcat].[localhost].[/]       : Initializing Spring embedded WebApplicationContext
2025-06-11T14:31:30.095+05:30  INFO 22516 --- [titanwebapp] [restartedMain] w.s.c.ServletWebServerApplicationContext : Root WebApplicationContext: initialization completed in 326 ms
2025-06-11T14:31:30.122+05:30  INFO 22516 --- [titanwebapp] [restartedMain] com.zaxxer.hikari.HikariDataSource       : HikariPool-2 - Starting...
2025-06-11T14:31:30.378+05:30  INFO 22516 --- [titanwebapp] [restartedMain] com.zaxxer.hikari.pool.HikariPool        : HikariPool-2 - Added connection org.postgresql.jdbc.PgConnection@2e92cd89
2025-06-11T14:31:30.379+05:30  INFO 22516 --- [titanwebapp] [restartedMain] com.zaxxer.hikari.HikariDataSource       : HikariPool-2 - Start completed.
2025-06-11T14:31:30.400+05:30  INFO 22516 --- [titanwebapp] [restartedMain] o.hibernate.jpa.internal.util.LogHelper  : HHH000204: Processing PersistenceUnitInfo [name: default]
2025-06-11T14:31:30.402+05:30  INFO 22516 --- [titanwebapp] [restartedMain] o.h.c.internal.RegionFactoryInitiator    : HHH000026: Second-level cache disabled
2025-06-11T14:31:30.410+05:30  INFO 22516 --- [titanwebapp] [restartedMain] o.s.o.j.p.SpringPersistenceUnitInfo      : No LoadTimeWeaver setup: ignoring JPA class transformer
2025-06-11T14:31:30.419+05:30  WARN 22516 --- [titanwebapp] [restartedMain] org.hibernate.orm.deprecation            : HHH90000025: PostgreSQLDialect does not need to be specified explicitly using 'hibernate.dialect' (remove the property setting and it will be selected by default)
2025-06-11T14:31:30.421+05:30  INFO 22516 --- [titanwebapp] [restartedMain] org.hibernate.orm.connections.pooling    : HHH10001005: Database info:
	Database JDBC URL [Connecting through datasource 'HikariDataSource (HikariPool-2)']
	Database driver: undefined/unknown
	Database version: 16.9
	Autocommit mode: undefined/unknown
	Isolation level: undefined/unknown
	Minimum pool size: undefined/unknown
	Maximum pool size: undefined/unknown
2025-06-11T14:31:30.486+05:30  INFO 22516 --- [titanwebapp] [restartedMain] o.h.e.t.j.p.i.JtaPlatformInitiator       : HHH000489: No JTA platform available (set 'hibernate.transaction.jta.platform' to enable JTA platform integration)
2025-06-11T14:31:30.502+05:30  INFO 22516 --- [titanwebapp] [restartedMain] j.LocalContainerEntityManagerFactoryBean : Initialized JPA EntityManagerFactory for persistence unit 'default'
2025-06-11T14:31:30.605+05:30  WARN 22516 --- [titanwebapp] [restartedMain] JpaBaseConfiguration$JpaWebConfiguration : spring.jpa.open-in-view is enabled by default. Therefore, database queries may be performed during view rendering. Explicitly configure spring.jpa.open-in-view to disable this warning
2025-06-11T14:31:30.706+05:30  INFO 22516 --- [titanwebapp] [restartedMain] o.s.b.d.a.OptionalLiveReloadServer       : LiveReload server is running on port 35729
2025-06-11T14:31:30.723+05:30  INFO 22516 --- [titanwebapp] [restartedMain] o.s.b.w.embedded.tomcat.TomcatWebServer  : Tomcat started on port 8080 (http) with context path '/'
2025-06-11T14:31:30.727+05:30  INFO 22516 --- [titanwebapp] [restartedMain] c.P.titanwebapp.TitanwebappApplication   : Started TitanwebappApplication in 0.994 seconds (process running for 100.301)
2025-06-11T14:31:30.731+05:30  INFO 22516 --- [titanwebapp] [restartedMain] .ConditionEvaluationDeltaLoggingListener : Condition evaluation unchanged
2025-06-11T14:31:40.613+05:30  INFO 22516 --- [titanwebapp] [File Watcher] rtingClassPathChangeChangedEventListener : Restarting due to 1 class path change (0 additions, 0 deletions, 1 modification)
2025-06-11T14:31:40.615+05:30  INFO 22516 --- [titanwebapp] [Thread-7] o.s.b.w.e.tomcat.GracefulShutdown        : Commencing graceful shutdown. Waiting for active requests to complete
2025-06-11T14:31:40.631+05:30  INFO 22516 --- [titanwebapp] [tomcat-shutdown] o.s.b.w.e.tomcat.GracefulShutdown        : Graceful shutdown complete
2025-06-11T14:31:40.636+05:30  INFO 22516 --- [titanwebapp] [Thread-7] j.LocalContainerEntityManagerFactoryBean : Closing JPA EntityManagerFactory for persistence unit 'default'
2025-06-11T14:31:40.637+05:30  INFO 22516 --- [titanwebapp] [Thread-7] com.zaxxer.hikari.HikariDataSource       : HikariPool-2 - Shutdown initiated...
2025-06-11T14:31:40.644+05:30  INFO 22516 --- [titanwebapp] [Thread-7] com.zaxxer.hikari.HikariDataSource       : HikariPool-2 - Shutdown completed.
2025-06-11T14:31:40.733+05:30  INFO 22516 --- [titanwebapp] [restartedMain] c.P.titanwebapp.TitanwebappApplication   : Starting TitanwebappApplication using Java 21.0.6 with PID 22516 (D:\java\titanwebapp\target\classes started by Dell in D:\java\titanwebapp)
2025-06-11T14:31:40.734+05:30  INFO 22516 --- [titanwebapp] [restartedMain] c.P.titanwebapp.TitanwebappApplication   : No active profile set, falling back to 1 default profile: "default"
2025-06-11T14:31:40.891+05:30  INFO 22516 --- [titanwebapp] [restartedMain] .s.d.r.c.RepositoryConfigurationDelegate : Bootstrapping Spring Data JPA repositories in DEFAULT mode.
2025-06-11T14:31:40.898+05:30  INFO 22516 --- [titanwebapp] [restartedMain] .s.d.r.c.RepositoryConfigurationDelegate : Finished Spring Data repository scanning in 6 ms. Found 1 JPA repository interface.
2025-06-11T14:31:40.983+05:30  INFO 22516 --- [titanwebapp] [restartedMain] o.s.b.w.embedded.tomcat.TomcatWebServer  : Tomcat initialized with port 8080 (http)
2025-06-11T14:31:40.984+05:30  INFO 22516 --- [titanwebapp] [restartedMain] o.apache.catalina.core.StandardService   : Starting service [Tomcat]
2025-06-11T14:31:40.984+05:30  INFO 22516 --- [titanwebapp] [restartedMain] o.apache.catalina.core.StandardEngine    : Starting Servlet engine: [Apache Tomcat/10.1.41]
2025-06-11T14:31:41.002+05:30  INFO 22516 --- [titanwebapp] [restartedMain] o.a.c.c.C.[Tomcat].[localhost].[/]       : Initializing Spring embedded WebApplicationContext
2025-06-11T14:31:41.002+05:30  INFO 22516 --- [titanwebapp] [restartedMain] w.s.c.ServletWebServerApplicationContext : Root WebApplicationContext: initialization completed in 266 ms
2025-06-11T14:31:41.026+05:30  INFO 22516 --- [titanwebapp] [restartedMain] com.zaxxer.hikari.HikariDataSource       : HikariPool-3 - Starting...
2025-06-11T14:31:41.183+05:30  INFO 22516 --- [titanwebapp] [restartedMain] com.zaxxer.hikari.pool.HikariPool        : HikariPool-3 - Added connection org.postgresql.jdbc.PgConnection@539a8be2
2025-06-11T14:31:41.183+05:30  INFO 22516 --- [titanwebapp] [restartedMain] com.zaxxer.hikari.HikariDataSource       : HikariPool-3 - Start completed.
2025-06-11T14:31:41.195+05:30  INFO 22516 --- [titanwebapp] [restartedMain] o.hibernate.jpa.internal.util.LogHelper  : HHH000204: Processing PersistenceUnitInfo [name: default]
2025-06-11T14:31:41.197+05:30  INFO 22516 --- [titanwebapp] [restartedMain] o.h.c.internal.RegionFactoryInitiator    : HHH000026: Second-level cache disabled
2025-06-11T14:31:41.203+05:30  INFO 22516 --- [titanwebapp] [restartedMain] o.s.o.j.p.SpringPersistenceUnitInfo      : No LoadTimeWeaver setup: ignoring JPA class transformer
2025-06-11T14:31:41.214+05:30  WARN 22516 --- [titanwebapp] [restartedMain] org.hibernate.orm.deprecation            : HHH90000025: PostgreSQLDialect does not need to be specified explicitly using 'hibernate.dialect' (remove the property setting and it will be selected by default)
2025-06-11T14:31:41.216+05:30  INFO 22516 --- [titanwebapp] [restartedMain] org.hibernate.orm.connections.pooling    : HHH10001005: Database info:
	Database JDBC URL [Connecting through datasource 'HikariDataSource (HikariPool-3)']
	Database driver: undefined/unknown
	Database version: 16.9
	Autocommit mode: undefined/unknown
	Isolation level: undefined/unknown
	Minimum pool size: undefined/unknown
	Maximum pool size: undefined/unknown
2025-06-11T14:31:41.258+05:30  INFO 22516 --- [titanwebapp] [restartedMain] o.h.e.t.j.p.i.JtaPlatformInitiator       : HHH000489: No JTA platform available (set 'hibernate.transaction.jta.platform' to enable JTA platform integration)
2025-06-11T14:31:41.270+05:30  INFO 22516 --- [titanwebapp] [restartedMain] j.LocalContainerEntityManagerFactoryBean : Initialized JPA EntityManagerFactory for persistence unit 'default'
2025-06-11T14:31:41.340+05:30  WARN 22516 --- [titanwebapp] [restartedMain] JpaBaseConfiguration$JpaWebConfiguration : spring.jpa.open-in-view is enabled by default. Therefore, database queries may be performed during view rendering. Explicitly configure spring.jpa.open-in-view to disable this warning
2025-06-11T14:31:41.430+05:30  INFO 22516 --- [titanwebapp] [restartedMain] o.s.b.d.a.OptionalLiveReloadServer       : LiveReload server is running on port 35729
2025-06-11T14:31:41.446+05:30  INFO 22516 --- [titanwebapp] [restartedMain] o.s.b.w.embedded.tomcat.TomcatWebServer  : Tomcat started on port 8080 (http) with context path '/'
2025-06-11T14:31:41.450+05:30  INFO 22516 --- [titanwebapp] [restartedMain] c.P.titanwebapp.TitanwebappApplication   : Started TitanwebappApplication in 0.743 seconds (process running for 111.024)
2025-06-11T14:31:41.452+05:30  INFO 22516 --- [titanwebapp] [restartedMain] .ConditionEvaluationDeltaLoggingListener : Condition evaluation unchanged
2025-06-11T14:34:40.734+05:30  INFO 22516 --- [titanwebapp] [http-nio-8080-exec-1] o.a.c.c.C.[Tomcat].[localhost].[/]       : Initializing Spring DispatcherServlet 'dispatcherServlet'
2025-06-11T14:34:40.737+05:30  INFO 22516 --- [titanwebapp] [http-nio-8080-exec-1] o.s.web.servlet.DispatcherServlet        : Initializing Servlet 'dispatcherServlet'
2025-06-11T14:34:40.741+05:30  INFO 22516 --- [titanwebapp] [http-nio-8080-exec-1] o.s.web.servlet.DispatcherServlet        : Completed initialization in 3 ms
2025-06-11T14:50:16.576+05:30  INFO 22516 --- [titanwebapp] [File Watcher] rtingClassPathChangeChangedEventListener : Restarting due to 5 class path changes (0 additions, 4 deletions, 1 modification)
2025-06-11T14:50:16.578+05:30  INFO 22516 --- [titanwebapp] [Thread-11] o.s.b.w.e.tomcat.GracefulShutdown        : Commencing graceful shutdown. Waiting for active requests to complete
2025-06-11T14:50:16.582+05:30  INFO 22516 --- [titanwebapp] [tomcat-shutdown] o.s.b.w.e.tomcat.GracefulShutdown        : Graceful shutdown complete
2025-06-11T14:50:16.583+05:30  INFO 22516 --- [titanwebapp] [Thread-11] j.LocalContainerEntityManagerFactoryBean : Closing JPA EntityManagerFactory for persistence unit 'default'
2025-06-11T14:50:16.585+05:30  INFO 22516 --- [titanwebapp] [Thread-11] com.zaxxer.hikari.HikariDataSource       : HikariPool-3 - Shutdown initiated...
2025-06-11T14:50:16.588+05:30  INFO 22516 --- [titanwebapp] [Thread-11] com.zaxxer.hikari.HikariDataSource       : HikariPool-3 - Shutdown completed.
